<?xml version="1.0" encoding="UTF-8"?>
<testsuite xmlns:xsi="http://www.w3.org/2001/XMLSchema-instance" xsi:noNamespaceSchemaLocation="https://maven.apache.org/surefire/maven-surefire-plugin/xsd/surefire-test-report.xsd" name="jogodavida.TabuleiroTest" time="0.042" tests="12" errors="0" skipped="0" failures="0">
  <properties>
[...]
</properties>
  <testcase name="testFluxoDadosMorte" classname="jogodavida.TabuleiroTest" time="0.022"/>
  <testcase name="testSetGetCelula" classname="jogodavida.TabuleiroTest" time="0.001"/>
  <testcase name="testEfeitosColateraisProximaGeracao" classname="jogodavida.TabuleiroTest" time="0.001"/>
  <testcase name="testContaVizinhosVivos" classname="jogodavida.TabuleiroTest" time="0.002"/>
  <testcase name="testProximaGeracao" classname="jogodavida.TabuleiroTest" time="0.001"/>
  <testcase name="testPadraoEstavel" classname="jogodavida.TabuleiroTest" time="0.001"/>
  <testcase name="testBordas" classname="jogodavida.TabuleiroTest" time="0.001"/>
  <testcase name="testCasosLimiteContagem" classname="jogodavida.TabuleiroTest" time="0.001"/>
  <testcase name="testInicializacao" classname="jogodavida.TabuleiroTest" time="0.001"/>
  <testcase name="testFluxoDadosNascimento" classname="jogodavida.TabuleiroTest" time="0.001"/>
  <testcase name="testFluxoDadosSobrevivencia" classname="jogodavida.TabuleiroTest" time="0"/>
  <testcase name="testContaVizinhosVivosCasosMutacao" classname="jogodavida.TabuleiroTest" time="0"/>
</testsuite>